Error[105]   C:\USERS\020547\DOCUMENTS\NOVA PASTA\COMUNICA-O-SERIAL\PROGRAMA1.ASM 1 : Cannot open file (Include File "PIC16f873A.inc" not found)
Warning[205] C:\USERS\020547\DOCUMENTS\NOVA PASTA\COMUNICA-O-SERIAL\PROGRAMA1.ASM 14 : Found directive in column 1. (ORG)
Warning[203] C:\USERS\020547\DOCUMENTS\NOVA PASTA\COMUNICA-O-SERIAL\PROGRAMA1.ASM 15 : Found opcode in column 1. (GOTO)
Warning[205] C:\USERS\020547\DOCUMENTS\NOVA PASTA\COMUNICA-O-SERIAL\PROGRAMA1.ASM 16 : Found directive in column 1. (ORG)
Warning[205] C:\USERS\020547\DOCUMENTS\NOVA PASTA\COMUNICA-O-SERIAL\PROGRAMA1.ASM 23 : Found directive in column 1. (BANKSEL)
Error[113]   C:\USERS\020547\DOCUMENTS\NOVA PASTA\COMUNICA-O-SERIAL\PROGRAMA1.ASM 23 : Symbol not previously defined (TRISB)
Warning[203] C:\USERS\020547\DOCUMENTS\NOVA PASTA\COMUNICA-O-SERIAL\PROGRAMA1.ASM 28 : Found opcode in column 1. (MOVLW)
Error[107]   C:\USERS\020547\DOCUMENTS\NOVA PASTA\COMUNICA-O-SERIAL\PROGRAMA1.ASM 28 : Illegal digit (  in binary)
Warning[203] C:\USERS\020547\DOCUMENTS\NOVA PASTA\COMUNICA-O-SERIAL\PROGRAMA1.ASM 29 : Found opcode in column 1. (MOVWF)
Error[113]   C:\USERS\020547\DOCUMENTS\NOVA PASTA\COMUNICA-O-SERIAL\PROGRAMA1.ASM 29 : Symbol not previously defined (TRISB)
Warning[203] C:\USERS\020547\DOCUMENTS\NOVA PASTA\COMUNICA-O-SERIAL\PROGRAMA1.ASM 32 : Found opcode in column 1. (MOVLW)
Error[107]   C:\USERS\020547\DOCUMENTS\NOVA PASTA\COMUNICA-O-SERIAL\PROGRAMA1.ASM 32 : Illegal digit (  in binary)
Warning[203] C:\USERS\020547\DOCUMENTS\NOVA PASTA\COMUNICA-O-SERIAL\PROGRAMA1.ASM 33 : Found opcode in column 1. (MOVWF)
Error[113]   C:\USERS\020547\DOCUMENTS\NOVA PASTA\COMUNICA-O-SERIAL\PROGRAMA1.ASM 33 : Symbol not previously defined (TXSTA)
Warning[203] C:\USERS\020547\DOCUMENTS\NOVA PASTA\COMUNICA-O-SERIAL\PROGRAMA1.ASM 34 : Found opcode in column 1. (MOVLW)
Warning[203] C:\USERS\020547\DOCUMENTS\NOVA PASTA\COMUNICA-O-SERIAL\PROGRAMA1.ASM 35 : Found opcode in column 1. (MOVWF)
Error[113]   C:\USERS\020547\DOCUMENTS\NOVA PASTA\COMUNICA-O-SERIAL\PROGRAMA1.ASM 35 : Symbol not previously defined (SPBRG)
Warning[205] C:\USERS\020547\DOCUMENTS\NOVA PASTA\COMUNICA-O-SERIAL\PROGRAMA1.ASM 38 : Found directive in column 1. (BANKSEL)
Error[113]   C:\USERS\020547\DOCUMENTS\NOVA PASTA\COMUNICA-O-SERIAL\PROGRAMA1.ASM 38 : Symbol not previously defined (PORTB)
Warning[203] C:\USERS\020547\DOCUMENTS\NOVA PASTA\COMUNICA-O-SERIAL\PROGRAMA1.ASM 39 : Found opcode in column 1. (MOVLW)
Error[107]   C:\USERS\020547\DOCUMENTS\NOVA PASTA\COMUNICA-O-SERIAL\PROGRAMA1.ASM 39 : Illegal digit (  in binary)
Warning[203] C:\USERS\020547\DOCUMENTS\NOVA PASTA\COMUNICA-O-SERIAL\PROGRAMA1.ASM 40 : Found opcode in column 1. (MOVWF)
Error[113]   C:\USERS\020547\DOCUMENTS\NOVA PASTA\COMUNICA-O-SERIAL\PROGRAMA1.ASM 40 : Symbol not previously defined (RCSTA)
Error[113]   C:\USERS\020547\DOCUMENTS\NOVA PASTA\COMUNICA-O-SERIAL\PROGRAMA1.ASM 52 : Symbol not previously defined (TXSTA)
Error[113]   C:\USERS\020547\DOCUMENTS\NOVA PASTA\COMUNICA-O-SERIAL\PROGRAMA1.ASM 52 : Symbol not previously defined (TRMT)
Error[113]   C:\USERS\020547\DOCUMENTS\NOVA PASTA\COMUNICA-O-SERIAL\PROGRAMA1.ASM 55 : Symbol not previously defined (TXREG)
Warning[205] C:\USERS\020547\DOCUMENTS\NOVA PASTA\COMUNICA-O-SERIAL\PROGRAMA1.ASM 57 : Found directive in column 1. (END)
